f:\zhangh-t\codes\zhalglib\zhalglib\debug\vc100.pdb
f:\zhangh-t\codes\zhalglib\zhalglib\debug\stdafx.obj
f:\zhangh-t\codes\zhalglib\zhalglib\debug\zhalglib.pch
f:\zhangh-t\codes\zhalglib\zhalglib\debug\hugeinteger.obj
f:\zhangh-t\codes\zhalglib\zhalglib\debug\zhalglib.obj
f:\zhangh-t\codes\zhalglib\debug\zhalglib.ilk
f:\zhangh-t\codes\zhalglib\debug\zhalglib.exe
f:\zhangh-t\codes\zhalglib\zhalglib\debug\zhalglib.exe.intermediate.manifest
f:\zhangh-t\codes\zhalglib\debug\zhalglib.pdb
f:\zhangh-t\codes\zhalglib\zhalglib\debug\zhalglib.exe.embed.manifest
f:\zhangh-t\codes\zhalglib\zhalglib\debug\zhalglib.exe.embed.manifest.res
f:\zhangh-t\codes\zhalglib\zhalglib\debug\vc141.pdb
f:\zhangh-t\codes\zhalglib\zhalglib\debug\vc141.idb
f:\zhangh-t\codes\zhalglib\zhalglib\debug\multithread.obj
f:\zhangh-t\codes\zhalglib\zhalglib\debug\zhalglib.vcxprojresolveassemblyreference.cache
f:\zhangh-t\codes\zhalglib\zhalglib\debug\cl.10436.read.1.tlog
f:\zhangh-t\codes\zhalglib\zhalglib\debug\cl.10436.write.1.tlog
f:\zhangh-t\codes\zhalglib\zhalglib\debug\cl.10528.read.1.tlog
f:\zhangh-t\codes\zhalglib\zhalglib\debug\cl.10528.write.1.tlog
f:\zhangh-t\codes\zhalglib\zhalglib\debug\cl.10756.read.1.tlog
f:\zhangh-t\codes\zhalglib\zhalglib\debug\cl.10756.write.1.tlog
f:\zhangh-t\codes\zhalglib\zhalglib\debug\cl.10808.read.1.tlog
f:\zhangh-t\codes\zhalglib\zhalglib\debug\cl.10808.write.1.tlog
f:\zhangh-t\codes\zhalglib\zhalglib\debug\cl.11540.read.1.tlog
f:\zhangh-t\codes\zhalglib\zhalglib\debug\cl.11540.write.1.tlog
f:\zhangh-t\codes\zhalglib\zhalglib\debug\cl.11580.read.1.tlog
f:\zhangh-t\codes\zhalglib\zhalglib\debug\cl.11580.write.1.tlog
f:\zhangh-t\codes\zhalglib\zhalglib\debug\cl.11692.read.1.tlog
f:\zhangh-t\codes\zhalglib\zhalglib\debug\cl.11692.write.1.tlog
f:\zhangh-t\codes\zhalglib\zhalglib\debug\cl.11864.read.1.tlog
f:\zhangh-t\codes\zhalglib\zhalglib\debug\cl.11864.write.1.tlog
f:\zhangh-t\codes\zhalglib\zhalglib\debug\cl.11936.read.1.tlog
f:\zhangh-t\codes\zhalglib\zhalglib\debug\cl.11936.write.1.tlog
f:\zhangh-t\codes\zhalglib\zhalglib\debug\cl.12452.read.1.tlog
f:\zhangh-t\codes\zhalglib\zhalglib\debug\cl.12452.write.1.tlog
f:\zhangh-t\codes\zhalglib\zhalglib\debug\cl.12516.read.1.tlog
f:\zhangh-t\codes\zhalglib\zhalglib\debug\cl.12516.write.1.tlog
f:\zhangh-t\codes\zhalglib\zhalglib\debug\cl.12708.read.1.tlog
f:\zhangh-t\codes\zhalglib\zhalglib\debug\cl.12708.write.1.tlog
f:\zhangh-t\codes\zhalglib\zhalglib\debug\cl.13004.read.1.tlog
f:\zhangh-t\codes\zhalglib\zhalglib\debug\cl.13004.write.1.tlog
f:\zhangh-t\codes\zhalglib\zhalglib\debug\cl.13156.read.1.tlog
f:\zhangh-t\codes\zhalglib\zhalglib\debug\cl.13156.write.1.tlog
f:\zhangh-t\codes\zhalglib\zhalglib\debug\cl.13460.read.1.tlog
f:\zhangh-t\codes\zhalglib\zhalglib\debug\cl.13460.write.1.tlog
f:\zhangh-t\codes\zhalglib\zhalglib\debug\cl.13824.read.1.tlog
f:\zhangh-t\codes\zhalglib\zhalglib\debug\cl.13824.write.1.tlog
f:\zhangh-t\codes\zhalglib\zhalglib\debug\cl.13868.read.1.tlog
f:\zhangh-t\codes\zhalglib\zhalglib\debug\cl.13868.write.1.tlog
f:\zhangh-t\codes\zhalglib\zhalglib\debug\cl.13920.read.1.tlog
f:\zhangh-t\codes\zhalglib\zhalglib\debug\cl.13920.write.1.tlog
f:\zhangh-t\codes\zhalglib\zhalglib\debug\cl.13992.read.1.tlog
f:\zhangh-t\codes\zhalglib\zhalglib\debug\cl.13992.write.1.tlog
f:\zhangh-t\codes\zhalglib\zhalglib\debug\cl.14036.read.1.tlog
f:\zhangh-t\codes\zhalglib\zhalglib\debug\cl.14036.write.1.tlog
f:\zhangh-t\codes\zhalglib\zhalglib\debug\cl.14192.read.1.tlog
f:\zhangh-t\codes\zhalglib\zhalglib\debug\cl.14192.write.1.tlog
f:\zhangh-t\codes\zhalglib\zhalglib\debug\cl.14308.read.1.tlog
f:\zhangh-t\codes\zhalglib\zhalglib\debug\cl.14308.write.1.tlog
f:\zhangh-t\codes\zhalglib\zhalglib\debug\cl.14328.read.1.tlog
f:\zhangh-t\codes\zhalglib\zhalglib\debug\cl.14328.write.1.tlog
f:\zhangh-t\codes\zhalglib\zhalglib\debug\cl.14440.read.1.tlog
f:\zhangh-t\codes\zhalglib\zhalglib\debug\cl.14440.write.1.tlog
f:\zhangh-t\codes\zhalglib\zhalglib\debug\cl.14596.read.1.tlog
f:\zhangh-t\codes\zhalglib\zhalglib\debug\cl.14596.write.1.tlog
f:\zhangh-t\codes\zhalglib\zhalglib\debug\cl.14708.read.1.tlog
f:\zhangh-t\codes\zhalglib\zhalglib\debug\cl.14708.write.1.tlog
f:\zhangh-t\codes\zhalglib\zhalglib\debug\cl.14764.read.1.tlog
f:\zhangh-t\codes\zhalglib\zhalglib\debug\cl.14764.write.1.tlog
f:\zhangh-t\codes\zhalglib\zhalglib\debug\cl.14796.read.1.tlog
f:\zhangh-t\codes\zhalglib\zhalglib\debug\cl.14796.write.1.tlog
f:\zhangh-t\codes\zhalglib\zhalglib\debug\cl.14988.read.1.tlog
f:\zhangh-t\codes\zhalglib\zhalglib\debug\cl.14988.write.1.tlog
f:\zhangh-t\codes\zhalglib\zhalglib\debug\cl.15188.read.1.tlog
f:\zhangh-t\codes\zhalglib\zhalglib\debug\cl.15188.write.1.tlog
f:\zhangh-t\codes\zhalglib\zhalglib\debug\cl.15552.read.1.tlog
f:\zhangh-t\codes\zhalglib\zhalglib\debug\cl.15552.write.1.tlog
f:\zhangh-t\codes\zhalglib\zhalglib\debug\cl.15596.read.1.tlog
f:\zhangh-t\codes\zhalglib\zhalglib\debug\cl.15596.write.1.tlog
f:\zhangh-t\codes\zhalglib\zhalglib\debug\cl.16108.read.1.tlog
f:\zhangh-t\codes\zhalglib\zhalglib\debug\cl.16108.write.1.tlog
f:\zhangh-t\codes\zhalglib\zhalglib\debug\cl.16180.read.1.tlog
f:\zhangh-t\codes\zhalglib\zhalglib\debug\cl.16180.write.1.tlog
f:\zhangh-t\codes\zhalglib\zhalglib\debug\cl.16472.read.1.tlog
f:\zhangh-t\codes\zhalglib\zhalglib\debug\cl.16472.write.1.tlog
f:\zhangh-t\codes\zhalglib\zhalglib\debug\cl.16580.read.1.tlog
f:\zhangh-t\codes\zhalglib\zhalglib\debug\cl.16580.write.1.tlog
f:\zhangh-t\codes\zhalglib\zhalglib\debug\cl.16616.read.1.tlog
f:\zhangh-t\codes\zhalglib\zhalglib\debug\cl.16616.write.1.tlog
f:\zhangh-t\codes\zhalglib\zhalglib\debug\cl.16660.read.1.tlog
f:\zhangh-t\codes\zhalglib\zhalglib\debug\cl.16660.write.1.tlog
f:\zhangh-t\codes\zhalglib\zhalglib\debug\cl.16672.read.1.tlog
f:\zhangh-t\codes\zhalglib\zhalglib\debug\cl.16672.write.1.tlog
f:\zhangh-t\codes\zhalglib\zhalglib\debug\cl.16756.read.1.tlog
f:\zhangh-t\codes\zhalglib\zhalglib\debug\cl.16756.write.1.tlog
f:\zhangh-t\codes\zhalglib\zhalglib\debug\cl.16884.read.1.tlog
f:\zhangh-t\codes\zhalglib\zhalglib\debug\cl.16884.write.1.tlog
f:\zhangh-t\codes\zhalglib\zhalglib\debug\cl.17004.read.1.tlog
f:\zhangh-t\codes\zhalglib\zhalglib\debug\cl.17004.write.1.tlog
f:\zhangh-t\codes\zhalglib\zhalglib\debug\cl.17028.read.1.tlog
f:\zhangh-t\codes\zhalglib\zhalglib\debug\cl.17028.write.1.tlog
f:\zhangh-t\codes\zhalglib\zhalglib\debug\cl.17080.read.1.tlog
f:\zhangh-t\codes\zhalglib\zhalglib\debug\cl.17080.write.1.tlog
f:\zhangh-t\codes\zhalglib\zhalglib\debug\cl.17236.read.1.tlog
f:\zhangh-t\codes\zhalglib\zhalglib\debug\cl.17236.write.1.tlog
f:\zhangh-t\codes\zhalglib\zhalglib\debug\cl.17332.read.1.tlog
f:\zhangh-t\codes\zhalglib\zhalglib\debug\cl.17332.write.1.tlog
f:\zhangh-t\codes\zhalglib\zhalglib\debug\cl.17644.read.1.tlog
f:\zhangh-t\codes\zhalglib\zhalglib\debug\cl.17644.write.1.tlog
f:\zhangh-t\codes\zhalglib\zhalglib\debug\cl.17784.read.1.tlog
f:\zhangh-t\codes\zhalglib\zhalglib\debug\cl.17784.write.1.tlog
f:\zhangh-t\codes\zhalglib\zhalglib\debug\cl.17948.read.1.tlog
f:\zhangh-t\codes\zhalglib\zhalglib\debug\cl.17948.write.1.tlog
f:\zhangh-t\codes\zhalglib\zhalglib\debug\cl.18088.read.1.tlog
f:\zhangh-t\codes\zhalglib\zhalglib\debug\cl.18088.write.1.tlog
f:\zhangh-t\codes\zhalglib\zhalglib\debug\cl.18452.read.1.tlog
f:\zhangh-t\codes\zhalglib\zhalglib\debug\cl.18908.read.1.tlog
f:\zhangh-t\codes\zhalglib\zhalglib\debug\cl.18908.write.1.tlog
f:\zhangh-t\codes\zhalglib\zhalglib\debug\cl.18928.read.1.tlog
f:\zhangh-t\codes\zhalglib\zhalglib\debug\cl.18928.write.1.tlog
f:\zhangh-t\codes\zhalglib\zhalglib\debug\cl.18944.read.1.tlog
f:\zhangh-t\codes\zhalglib\zhalglib\debug\cl.18944.write.1.tlog
f:\zhangh-t\codes\zhalglib\zhalglib\debug\cl.19020.read.1.tlog
f:\zhangh-t\codes\zhalglib\zhalglib\debug\cl.19020.write.1.tlog
f:\zhangh-t\codes\zhalglib\zhalglib\debug\cl.19244.read.1.tlog
f:\zhangh-t\codes\zhalglib\zhalglib\debug\cl.19244.write.1.tlog
f:\zhangh-t\codes\zhalglib\zhalglib\debug\cl.19388.read.1.tlog
f:\zhangh-t\codes\zhalglib\zhalglib\debug\cl.19388.write.1.tlog
f:\zhangh-t\codes\zhalglib\zhalglib\debug\cl.19536.read.1.tlog
f:\zhangh-t\codes\zhalglib\zhalglib\debug\cl.19536.write.1.tlog
f:\zhangh-t\codes\zhalglib\zhalglib\debug\cl.19544.read.1.tlog
f:\zhangh-t\codes\zhalglib\zhalglib\debug\cl.19544.write.1.tlog
f:\zhangh-t\codes\zhalglib\zhalglib\debug\cl.19748.read.1.tlog
f:\zhangh-t\codes\zhalglib\zhalglib\debug\cl.19748.write.1.tlog
f:\zhangh-t\codes\zhalglib\zhalglib\debug\cl.19776.read.1.tlog
f:\zhangh-t\codes\zhalglib\zhalglib\debug\cl.19776.write.1.tlog
f:\zhangh-t\codes\zhalglib\zhalglib\debug\cl.20188.read.1.tlog
f:\zhangh-t\codes\zhalglib\zhalglib\debug\cl.20188.write.1.tlog
f:\zhangh-t\codes\zhalglib\zhalglib\debug\cl.20736.read.1.tlog
f:\zhangh-t\codes\zhalglib\zhalglib\debug\cl.20736.write.1.tlog
f:\zhangh-t\codes\zhalglib\zhalglib\debug\cl.20788.read.1.tlog
f:\zhangh-t\codes\zhalglib\zhalglib\debug\cl.20788.write.1.tlog
f:\zhangh-t\codes\zhalglib\zhalglib\debug\cl.20816.read.1.tlog
f:\zhangh-t\codes\zhalglib\zhalglib\debug\cl.20816.write.1.tlog
f:\zhangh-t\codes\zhalglib\zhalglib\debug\cl.20944.read.1.tlog
f:\zhangh-t\codes\zhalglib\zhalglib\debug\cl.20944.write.1.tlog
f:\zhangh-t\codes\zhalglib\zhalglib\debug\cl.20948.read.1.tlog
f:\zhangh-t\codes\zhalglib\zhalglib\debug\cl.20948.write.1.tlog
f:\zhangh-t\codes\zhalglib\zhalglib\debug\cl.21096.read.1.tlog
f:\zhangh-t\codes\zhalglib\zhalglib\debug\cl.21096.write.1.tlog
f:\zhangh-t\codes\zhalglib\zhalglib\debug\cl.21188.read.1.tlog
f:\zhangh-t\codes\zhalglib\zhalglib\debug\cl.21188.write.1.tlog
f:\zhangh-t\codes\zhalglib\zhalglib\debug\cl.21596.read.1.tlog
f:\zhangh-t\codes\zhalglib\zhalglib\debug\cl.21596.write.1.tlog
f:\zhangh-t\codes\zhalglib\zhalglib\debug\cl.21600.read.1.tlog
f:\zhangh-t\codes\zhalglib\zhalglib\debug\cl.21600.write.1.tlog
f:\zhangh-t\codes\zhalglib\zhalglib\debug\cl.21612.read.1.tlog
f:\zhangh-t\codes\zhalglib\zhalglib\debug\cl.21664.read.1.tlog
f:\zhangh-t\codes\zhalglib\zhalglib\debug\cl.21664.write.1.tlog
f:\zhangh-t\codes\zhalglib\zhalglib\debug\cl.21884.read.1.tlog
f:\zhangh-t\codes\zhalglib\zhalglib\debug\cl.21884.write.1.tlog
f:\zhangh-t\codes\zhalglib\zhalglib\debug\cl.21908.read.1.tlog
f:\zhangh-t\codes\zhalglib\zhalglib\debug\cl.21908.write.1.tlog
f:\zhangh-t\codes\zhalglib\zhalglib\debug\cl.21964.read.1.tlog
f:\zhangh-t\codes\zhalglib\zhalglib\debug\cl.21964.write.1.tlog
f:\zhangh-t\codes\zhalglib\zhalglib\debug\cl.22028.read.1.tlog
f:\zhangh-t\codes\zhalglib\zhalglib\debug\cl.22028.write.1.tlog
f:\zhangh-t\codes\zhalglib\zhalglib\debug\cl.22284.read.1.tlog
f:\zhangh-t\codes\zhalglib\zhalglib\debug\cl.22284.write.1.tlog
f:\zhangh-t\codes\zhalglib\zhalglib\debug\cl.22364.read.1.tlog
f:\zhangh-t\codes\zhalglib\zhalglib\debug\cl.22364.write.1.tlog
f:\zhangh-t\codes\zhalglib\zhalglib\debug\cl.22452.read.1.tlog
f:\zhangh-t\codes\zhalglib\zhalglib\debug\cl.22452.write.1.tlog
f:\zhangh-t\codes\zhalglib\zhalglib\debug\cl.22624.read.1.tlog
f:\zhangh-t\codes\zhalglib\zhalglib\debug\cl.22624.write.1.tlog
f:\zhangh-t\codes\zhalglib\zhalglib\debug\cl.22732.read.1.tlog
f:\zhangh-t\codes\zhalglib\zhalglib\debug\cl.22732.write.1.tlog
f:\zhangh-t\codes\zhalglib\zhalglib\debug\cl.22804.read.1.tlog
f:\zhangh-t\codes\zhalglib\zhalglib\debug\cl.22804.write.1.tlog
f:\zhangh-t\codes\zhalglib\zhalglib\debug\cl.23200.read.1.tlog
f:\zhangh-t\codes\zhalglib\zhalglib\debug\cl.23200.write.1.tlog
f:\zhangh-t\codes\zhalglib\zhalglib\debug\cl.23208.read.1.tlog
f:\zhangh-t\codes\zhalglib\zhalglib\debug\cl.23208.write.1.tlog
f:\zhangh-t\codes\zhalglib\zhalglib\debug\cl.23276.read.1.tlog
f:\zhangh-t\codes\zhalglib\zhalglib\debug\cl.23276.write.1.tlog
f:\zhangh-t\codes\zhalglib\zhalglib\debug\cl.23344.read.1.tlog
f:\zhangh-t\codes\zhalglib\zhalglib\debug\cl.23344.write.1.tlog
f:\zhangh-t\codes\zhalglib\zhalglib\debug\cl.23412.read.1.tlog
f:\zhangh-t\codes\zhalglib\zhalglib\debug\cl.23412.write.1.tlog
f:\zhangh-t\codes\zhalglib\zhalglib\debug\cl.23416.read.1.tlog
f:\zhangh-t\codes\zhalglib\zhalglib\debug\cl.23416.write.1.tlog
f:\zhangh-t\codes\zhalglib\zhalglib\debug\cl.24036.read.1.tlog
f:\zhangh-t\codes\zhalglib\zhalglib\debug\cl.24036.write.1.tlog
f:\zhangh-t\codes\zhalglib\zhalglib\debug\cl.24172.read.1.tlog
f:\zhangh-t\codes\zhalglib\zhalglib\debug\cl.24172.write.1.tlog
f:\zhangh-t\codes\zhalglib\zhalglib\debug\cl.24864.read.1.tlog
f:\zhangh-t\codes\zhalglib\zhalglib\debug\cl.24864.write.1.tlog
f:\zhangh-t\codes\zhalglib\zhalglib\debug\cl.2524.read.1.tlog
f:\zhangh-t\codes\zhalglib\zhalglib\debug\cl.2524.write.1.tlog
f:\zhangh-t\codes\zhalglib\zhalglib\debug\cl.25804.read.1.tlog
f:\zhangh-t\codes\zhalglib\zhalglib\debug\cl.25804.write.1.tlog
f:\zhangh-t\codes\zhalglib\zhalglib\debug\cl.25864.read.1.tlog
f:\zhangh-t\codes\zhalglib\zhalglib\debug\cl.25864.write.1.tlog
f:\zhangh-t\codes\zhalglib\zhalglib\debug\cl.2624.read.1.tlog
f:\zhangh-t\codes\zhalglib\zhalglib\debug\cl.2624.write.1.tlog
f:\zhangh-t\codes\zhalglib\zhalglib\debug\cl.26520.read.1.tlog
f:\zhangh-t\codes\zhalglib\zhalglib\debug\cl.26520.write.1.tlog
f:\zhangh-t\codes\zhalglib\zhalglib\debug\cl.2688.read.1.tlog
f:\zhangh-t\codes\zhalglib\zhalglib\debug\cl.2688.write.1.tlog
f:\zhangh-t\codes\zhalglib\zhalglib\debug\cl.2748.read.1.tlog
f:\zhangh-t\codes\zhalglib\zhalglib\debug\cl.2748.write.1.tlog
f:\zhangh-t\codes\zhalglib\zhalglib\debug\cl.2824.read.1.tlog
f:\zhangh-t\codes\zhalglib\zhalglib\debug\cl.2824.write.1.tlog
f:\zhangh-t\codes\zhalglib\zhalglib\debug\cl.3024.read.1.tlog
f:\zhangh-t\codes\zhalglib\zhalglib\debug\cl.3024.write.1.tlog
f:\zhangh-t\codes\zhalglib\zhalglib\debug\cl.3156.read.1.tlog
f:\zhangh-t\codes\zhalglib\zhalglib\debug\cl.3156.write.1.tlog
f:\zhangh-t\codes\zhalglib\zhalglib\debug\cl.3188.read.1.tlog
f:\zhangh-t\codes\zhalglib\zhalglib\debug\cl.3188.write.1.tlog
f:\zhangh-t\codes\zhalglib\zhalglib\debug\cl.3492.read.1.tlog
f:\zhangh-t\codes\zhalglib\zhalglib\debug\cl.3492.write.1.tlog
f:\zhangh-t\codes\zhalglib\zhalglib\debug\cl.3636.read.1.tlog
f:\zhangh-t\codes\zhalglib\zhalglib\debug\cl.3636.write.1.tlog
f:\zhangh-t\codes\zhalglib\zhalglib\debug\cl.3968.read.1.tlog
f:\zhangh-t\codes\zhalglib\zhalglib\debug\cl.3968.write.1.tlog
f:\zhangh-t\codes\zhalglib\zhalglib\debug\cl.4092.read.1.tlog
f:\zhangh-t\codes\zhalglib\zhalglib\debug\cl.4092.write.1.tlog
f:\zhangh-t\codes\zhalglib\zhalglib\debug\cl.5428.read.1.tlog
f:\zhangh-t\codes\zhalglib\zhalglib\debug\cl.5428.write.1.tlog
f:\zhangh-t\codes\zhalglib\zhalglib\debug\cl.5452.read.1.tlog
f:\zhangh-t\codes\zhalglib\zhalglib\debug\cl.5452.write.1.tlog
f:\zhangh-t\codes\zhalglib\zhalglib\debug\cl.5620.read.1.tlog
f:\zhangh-t\codes\zhalglib\zhalglib\debug\cl.5620.write.1.tlog
f:\zhangh-t\codes\zhalglib\zhalglib\debug\cl.5876.read.1.tlog
f:\zhangh-t\codes\zhalglib\zhalglib\debug\cl.5876.write.1.tlog
f:\zhangh-t\codes\zhalglib\zhalglib\debug\cl.6320.read.1.tlog
f:\zhangh-t\codes\zhalglib\zhalglib\debug\cl.6320.write.1.tlog
f:\zhangh-t\codes\zhalglib\zhalglib\debug\cl.6356.read.1.tlog
f:\zhangh-t\codes\zhalglib\zhalglib\debug\cl.6356.write.1.tlog
f:\zhangh-t\codes\zhalglib\zhalglib\debug\cl.6696.read.1.tlog
f:\zhangh-t\codes\zhalglib\zhalglib\debug\cl.6696.write.1.tlog
f:\zhangh-t\codes\zhalglib\zhalglib\debug\cl.7468.read.1.tlog
f:\zhangh-t\codes\zhalglib\zhalglib\debug\cl.7468.write.1.tlog
f:\zhangh-t\codes\zhalglib\zhalglib\debug\cl.7704.read.1.tlog
f:\zhangh-t\codes\zhalglib\zhalglib\debug\cl.7704.write.1.tlog
f:\zhangh-t\codes\zhalglib\zhalglib\debug\cl.8100.read.1.tlog
f:\zhangh-t\codes\zhalglib\zhalglib\debug\cl.8100.write.1.tlog
f:\zhangh-t\codes\zhalglib\zhalglib\debug\cl.8124.read.1.tlog
f:\zhangh-t\codes\zhalglib\zhalglib\debug\cl.8124.write.1.tlog
f:\zhangh-t\codes\zhalglib\zhalglib\debug\cl.8180.read.1.tlog
f:\zhangh-t\codes\zhalglib\zhalglib\debug\cl.8180.write.1.tlog
f:\zhangh-t\codes\zhalglib\zhalglib\debug\cl.8296.read.1.tlog
f:\zhangh-t\codes\zhalglib\zhalglib\debug\cl.8296.write.1.tlog
f:\zhangh-t\codes\zhalglib\zhalglib\debug\cl.8384.read.1.tlog
f:\zhangh-t\codes\zhalglib\zhalglib\debug\cl.8384.write.1.tlog
f:\zhangh-t\codes\zhalglib\zhalglib\debug\cl.8484.read.1.tlog
f:\zhangh-t\codes\zhalglib\zhalglib\debug\cl.8484.write.1.tlog
f:\zhangh-t\codes\zhalglib\zhalglib\debug\cl.9368.read.1.tlog
f:\zhangh-t\codes\zhalglib\zhalglib\debug\cl.9368.write.1.tlog
f:\zhangh-t\codes\zhalglib\zhalglib\debug\cl.9468.read.1.tlog
f:\zhangh-t\codes\zhalglib\zhalglib\debug\cl.9468.write.1.tlog
f:\zhangh-t\codes\zhalglib\zhalglib\debug\cl.9484.read.1.tlog
f:\zhangh-t\codes\zhalglib\zhalglib\debug\cl.9484.write.1.tlog
f:\zhangh-t\codes\zhalglib\zhalglib\debug\cl.9608.read.1.tlog
f:\zhangh-t\codes\zhalglib\zhalglib\debug\cl.9608.write.1.tlog
f:\zhangh-t\codes\zhalglib\zhalglib\debug\cl.9832.read.1.tlog
f:\zhangh-t\codes\zhalglib\zhalglib\debug\cl.9832.write.1.tlog
f:\zhangh-t\codes\zhalglib\zhalglib\debug\cl.command.1.tlog
f:\zhangh-t\codes\zhalglib\zhalglib\debug\cl.read.1.tlog
f:\zhangh-t\codes\zhalglib\zhalglib\debug\cl.write.1.tlog
f:\zhangh-t\codes\zhalglib\zhalglib\debug\link.10248.read.1.tlog
f:\zhangh-t\codes\zhalglib\zhalglib\debug\link.10248.write.1.tlog
f:\zhangh-t\codes\zhalglib\zhalglib\debug\link.10752.read.1.tlog
f:\zhangh-t\codes\zhalglib\zhalglib\debug\link.10752.write.1.tlog
f:\zhangh-t\codes\zhalglib\zhalglib\debug\link.11448.11624-cvtres.read.1.tlog
f:\zhangh-t\codes\zhalglib\zhalglib\debug\link.11448.11624-cvtres.write.1.tlog
f:\zhangh-t\codes\zhalglib\zhalglib\debug\link.11448.11624.read.1.tlog
f:\zhangh-t\codes\zhalglib\zhalglib\debug\link.11448.11624.write.1.tlog
f:\zhangh-t\codes\zhalglib\zhalglib\debug\link.11448.read.1.tlog
f:\zhangh-t\codes\zhalglib\zhalglib\debug\link.11448.write.1.tlog
f:\zhangh-t\codes\zhalglib\zhalglib\debug\link.11556.read.1.tlog
f:\zhangh-t\codes\zhalglib\zhalglib\debug\link.11556.write.1.tlog
f:\zhangh-t\codes\zhalglib\zhalglib\debug\link.12336.read.1.tlog
f:\zhangh-t\codes\zhalglib\zhalglib\debug\link.12336.write.1.tlog
f:\zhangh-t\codes\zhalglib\zhalglib\debug\link.12700.read.1.tlog
f:\zhangh-t\codes\zhalglib\zhalglib\debug\link.12700.write.1.tlog
f:\zhangh-t\codes\zhalglib\zhalglib\debug\link.12848.read.1.tlog
f:\zhangh-t\codes\zhalglib\zhalglib\debug\link.12848.write.1.tlog
f:\zhangh-t\codes\zhalglib\zhalglib\debug\link.13028.read.1.tlog
f:\zhangh-t\codes\zhalglib\zhalglib\debug\link.13028.write.1.tlog
f:\zhangh-t\codes\zhalglib\zhalglib\debug\link.1324.read.1.tlog
f:\zhangh-t\codes\zhalglib\zhalglib\debug\link.1324.write.1.tlog
f:\zhangh-t\codes\zhalglib\zhalglib\debug\link.14404.read.1.tlog
f:\zhangh-t\codes\zhalglib\zhalglib\debug\link.14404.write.1.tlog
f:\zhangh-t\codes\zhalglib\zhalglib\debug\link.14548.read.1.tlog
f:\zhangh-t\codes\zhalglib\zhalglib\debug\link.14548.write.1.tlog
f:\zhangh-t\codes\zhalglib\zhalglib\debug\link.14764.read.1.tlog
f:\zhangh-t\codes\zhalglib\zhalglib\debug\link.14764.write.1.tlog
f:\zhangh-t\codes\zhalglib\zhalglib\debug\link.14876.read.1.tlog
f:\zhangh-t\codes\zhalglib\zhalglib\debug\link.14876.write.1.tlog
f:\zhangh-t\codes\zhalglib\zhalglib\debug\link.15108.read.1.tlog
f:\zhangh-t\codes\zhalglib\zhalglib\debug\link.15108.write.1.tlog
f:\zhangh-t\codes\zhalglib\zhalglib\debug\link.15316.read.1.tlog
f:\zhangh-t\codes\zhalglib\zhalglib\debug\link.15316.write.1.tlog
f:\zhangh-t\codes\zhalglib\zhalglib\debug\link.15728.read.1.tlog
f:\zhangh-t\codes\zhalglib\zhalglib\debug\link.15728.write.1.tlog
f:\zhangh-t\codes\zhalglib\zhalglib\debug\link.15924.read.1.tlog
f:\zhangh-t\codes\zhalglib\zhalglib\debug\link.15924.write.1.tlog
f:\zhangh-t\codes\zhalglib\zhalglib\debug\link.16732.read.1.tlog
f:\zhangh-t\codes\zhalglib\zhalglib\debug\link.16732.write.1.tlog
f:\zhangh-t\codes\zhalglib\zhalglib\debug\link.18348.read.1.tlog
f:\zhangh-t\codes\zhalglib\zhalglib\debug\link.18348.write.1.tlog
f:\zhangh-t\codes\zhalglib\zhalglib\debug\link.19772.read.1.tlog
f:\zhangh-t\codes\zhalglib\zhalglib\debug\link.19772.write.1.tlog
f:\zhangh-t\codes\zhalglib\zhalglib\debug\link.19968.5528-cvtres.read.1.tlog
f:\zhangh-t\codes\zhalglib\zhalglib\debug\link.19968.5528-cvtres.write.1.tlog
f:\zhangh-t\codes\zhalglib\zhalglib\debug\link.19968.5528.read.1.tlog
f:\zhangh-t\codes\zhalglib\zhalglib\debug\link.19968.5528.write.1.tlog
f:\zhangh-t\codes\zhalglib\zhalglib\debug\link.19968.read.1.tlog
f:\zhangh-t\codes\zhalglib\zhalglib\debug\link.19968.write.1.tlog
f:\zhangh-t\codes\zhalglib\zhalglib\debug\link.20092.read.1.tlog
f:\zhangh-t\codes\zhalglib\zhalglib\debug\link.20092.write.1.tlog
f:\zhangh-t\codes\zhalglib\zhalglib\debug\link.20108.read.1.tlog
f:\zhangh-t\codes\zhalglib\zhalglib\debug\link.20108.write.1.tlog
f:\zhangh-t\codes\zhalglib\zhalglib\debug\link.20164.read.1.tlog
f:\zhangh-t\codes\zhalglib\zhalglib\debug\link.20164.write.1.tlog
f:\zhangh-t\codes\zhalglib\zhalglib\debug\link.20192.read.1.tlog
f:\zhangh-t\codes\zhalglib\zhalglib\debug\link.20192.write.1.tlog
f:\zhangh-t\codes\zhalglib\zhalglib\debug\link.20464.read.1.tlog
f:\zhangh-t\codes\zhalglib\zhalglib\debug\link.20464.write.1.tlog
f:\zhangh-t\codes\zhalglib\zhalglib\debug\link.20564.read.1.tlog
f:\zhangh-t\codes\zhalglib\zhalglib\debug\link.20564.write.1.tlog
f:\zhangh-t\codes\zhalglib\zhalglib\debug\link.20624.read.1.tlog
f:\zhangh-t\codes\zhalglib\zhalglib\debug\link.20624.write.1.tlog
f:\zhangh-t\codes\zhalglib\zhalglib\debug\link.20840.read.1.tlog
f:\zhangh-t\codes\zhalglib\zhalglib\debug\link.20840.write.1.tlog
f:\zhangh-t\codes\zhalglib\zhalglib\debug\link.20968.read.1.tlog
f:\zhangh-t\codes\zhalglib\zhalglib\debug\link.20968.write.1.tlog
f:\zhangh-t\codes\zhalglib\zhalglib\debug\link.21008.read.1.tlog
f:\zhangh-t\codes\zhalglib\zhalglib\debug\link.21008.write.1.tlog
f:\zhangh-t\codes\zhalglib\zhalglib\debug\link.21068.read.1.tlog
f:\zhangh-t\codes\zhalglib\zhalglib\debug\link.21068.write.1.tlog
f:\zhangh-t\codes\zhalglib\zhalglib\debug\link.21256.read.1.tlog
f:\zhangh-t\codes\zhalglib\zhalglib\debug\link.21256.write.1.tlog
f:\zhangh-t\codes\zhalglib\zhalglib\debug\link.21308.read.1.tlog
f:\zhangh-t\codes\zhalglib\zhalglib\debug\link.21308.write.1.tlog
f:\zhangh-t\codes\zhalglib\zhalglib\debug\link.21584.read.1.tlog
f:\zhangh-t\codes\zhalglib\zhalglib\debug\link.21584.write.1.tlog
f:\zhangh-t\codes\zhalglib\zhalglib\debug\link.21604.read.1.tlog
f:\zhangh-t\codes\zhalglib\zhalglib\debug\link.21604.write.1.tlog
f:\zhangh-t\codes\zhalglib\zhalglib\debug\link.21608.read.1.tlog
f:\zhangh-t\codes\zhalglib\zhalglib\debug\link.21608.write.1.tlog
f:\zhangh-t\codes\zhalglib\zhalglib\debug\link.21944.read.1.tlog
f:\zhangh-t\codes\zhalglib\zhalglib\debug\link.21944.write.1.tlog
f:\zhangh-t\codes\zhalglib\zhalglib\debug\link.22376-cvtres.read.1.tlog
f:\zhangh-t\codes\zhalglib\zhalglib\debug\link.22376-cvtres.write.1.tlog
f:\zhangh-t\codes\zhalglib\zhalglib\debug\link.22376.17264-cvtres.read.1.tlog
f:\zhangh-t\codes\zhalglib\zhalglib\debug\link.22376.17264-cvtres.write.1.tlog
f:\zhangh-t\codes\zhalglib\zhalglib\debug\link.22376.17264.read.1.tlog
f:\zhangh-t\codes\zhalglib\zhalglib\debug\link.22376.17264.write.1.tlog
f:\zhangh-t\codes\zhalglib\zhalglib\debug\link.22376.read.1.tlog
f:\zhangh-t\codes\zhalglib\zhalglib\debug\link.22376.write.1.tlog
f:\zhangh-t\codes\zhalglib\zhalglib\debug\link.22600.read.1.tlog
f:\zhangh-t\codes\zhalglib\zhalglib\debug\link.22600.write.1.tlog
f:\zhangh-t\codes\zhalglib\zhalglib\debug\link.2272.5296-cvtres.read.1.tlog
f:\zhangh-t\codes\zhalglib\zhalglib\debug\link.2272.5296-cvtres.write.1.tlog
f:\zhangh-t\codes\zhalglib\zhalglib\debug\link.2272.5296.read.1.tlog
f:\zhangh-t\codes\zhalglib\zhalglib\debug\link.2272.5296.write.1.tlog
f:\zhangh-t\codes\zhalglib\zhalglib\debug\link.2272.read.1.tlog
f:\zhangh-t\codes\zhalglib\zhalglib\debug\link.2272.write.1.tlog
f:\zhangh-t\codes\zhalglib\zhalglib\debug\link.22880.read.1.tlog
f:\zhangh-t\codes\zhalglib\zhalglib\debug\link.22880.write.1.tlog
f:\zhangh-t\codes\zhalglib\zhalglib\debug\link.22928.read.1.tlog
f:\zhangh-t\codes\zhalglib\zhalglib\debug\link.22928.write.1.tlog
f:\zhangh-t\codes\zhalglib\zhalglib\debug\link.23232.read.1.tlog
f:\zhangh-t\codes\zhalglib\zhalglib\debug\link.23232.write.1.tlog
f:\zhangh-t\codes\zhalglib\zhalglib\debug\link.23284.read.1.tlog
f:\zhangh-t\codes\zhalglib\zhalglib\debug\link.23284.write.1.tlog
f:\zhangh-t\codes\zhalglib\zhalglib\debug\link.23344.read.1.tlog
f:\zhangh-t\codes\zhalglib\zhalglib\debug\link.23344.write.1.tlog
f:\zhangh-t\codes\zhalglib\zhalglib\debug\link.23412.read.1.tlog
f:\zhangh-t\codes\zhalglib\zhalglib\debug\link.23412.write.1.tlog
f:\zhangh-t\codes\zhalglib\zhalglib\debug\link.23432.read.1.tlog
f:\zhangh-t\codes\zhalglib\zhalglib\debug\link.23432.write.1.tlog
f:\zhangh-t\codes\zhalglib\zhalglib\debug\link.23488.read.1.tlog
f:\zhangh-t\codes\zhalglib\zhalglib\debug\link.23488.write.1.tlog
f:\zhangh-t\codes\zhalglib\zhalglib\debug\link.2588.read.1.tlog
f:\zhangh-t\codes\zhalglib\zhalglib\debug\link.2588.write.1.tlog
f:\zhangh-t\codes\zhalglib\zhalglib\debug\link.3632.4216-cvtres.read.1.tlog
f:\zhangh-t\codes\zhalglib\zhalglib\debug\link.3632.4216-cvtres.write.1.tlog
f:\zhangh-t\codes\zhalglib\zhalglib\debug\link.3632.4216.read.1.tlog
f:\zhangh-t\codes\zhalglib\zhalglib\debug\link.3632.4216.write.1.tlog
f:\zhangh-t\codes\zhalglib\zhalglib\debug\link.3632.read.1.tlog
f:\zhangh-t\codes\zhalglib\zhalglib\debug\link.3632.write.1.tlog
f:\zhangh-t\codes\zhalglib\zhalglib\debug\link.3636.read.1.tlog
f:\zhangh-t\codes\zhalglib\zhalglib\debug\link.3636.write.1.tlog
f:\zhangh-t\codes\zhalglib\zhalglib\debug\link.5480.read.1.tlog
f:\zhangh-t\codes\zhalglib\zhalglib\debug\link.5480.write.1.tlog
f:\zhangh-t\codes\zhalglib\zhalglib\debug\link.6276-cvtres.read.1.tlog
f:\zhangh-t\codes\zhalglib\zhalglib\debug\link.6276-cvtres.write.1.tlog
f:\zhangh-t\codes\zhalglib\zhalglib\debug\link.6276.read.1.tlog
f:\zhangh-t\codes\zhalglib\zhalglib\debug\link.6276.write.1.tlog
f:\zhangh-t\codes\zhalglib\zhalglib\debug\link.6320.read.1.tlog
f:\zhangh-t\codes\zhalglib\zhalglib\debug\link.6320.write.1.tlog
f:\zhangh-t\codes\zhalglib\zhalglib\debug\link.6696.read.1.tlog
f:\zhangh-t\codes\zhalglib\zhalglib\debug\link.6696.write.1.tlog
f:\zhangh-t\codes\zhalglib\zhalglib\debug\link.7296.read.1.tlog
f:\zhangh-t\codes\zhalglib\zhalglib\debug\link.7296.write.1.tlog
f:\zhangh-t\codes\zhalglib\zhalglib\debug\link.7640.20256-cvtres.read.1.tlog
f:\zhangh-t\codes\zhalglib\zhalglib\debug\link.7640.20256-cvtres.write.1.tlog
f:\zhangh-t\codes\zhalglib\zhalglib\debug\link.7640.20256.read.1.tlog
f:\zhangh-t\codes\zhalglib\zhalglib\debug\link.7640.20256.write.1.tlog
f:\zhangh-t\codes\zhalglib\zhalglib\debug\link.7640.read.1.tlog
f:\zhangh-t\codes\zhalglib\zhalglib\debug\link.7640.write.1.tlog
f:\zhangh-t\codes\zhalglib\zhalglib\debug\link.7844.9636-cvtres.read.1.tlog
f:\zhangh-t\codes\zhalglib\zhalglib\debug\link.7844.9636-cvtres.write.1.tlog
f:\zhangh-t\codes\zhalglib\zhalglib\debug\link.7844.9636.read.1.tlog
f:\zhangh-t\codes\zhalglib\zhalglib\debug\link.7844.9636.write.1.tlog
f:\zhangh-t\codes\zhalglib\zhalglib\debug\link.7844.read.1.tlog
f:\zhangh-t\codes\zhalglib\zhalglib\debug\link.7844.write.1.tlog
f:\zhangh-t\codes\zhalglib\zhalglib\debug\link.8588.21040-cvtres.read.1.tlog
f:\zhangh-t\codes\zhalglib\zhalglib\debug\link.8588.21040-cvtres.write.1.tlog
f:\zhangh-t\codes\zhalglib\zhalglib\debug\link.8588.21040.read.1.tlog
f:\zhangh-t\codes\zhalglib\zhalglib\debug\link.8588.21040.write.1.tlog
f:\zhangh-t\codes\zhalglib\zhalglib\debug\link.8588.read.1.tlog
f:\zhangh-t\codes\zhalglib\zhalglib\debug\link.8588.write.1.tlog
f:\zhangh-t\codes\zhalglib\zhalglib\debug\link.9468.read.1.tlog
f:\zhangh-t\codes\zhalglib\zhalglib\debug\link.9468.write.1.tlog
f:\zhangh-t\codes\zhalglib\zhalglib\debug\link.command.1.tlog
f:\zhangh-t\codes\zhalglib\zhalglib\debug\link.read.1.tlog
f:\zhangh-t\codes\zhalglib\zhalglib\debug\mt.command.1.tlog
f:\zhangh-t\codes\zhalglib\zhalglib\debug\mt.read.1.tlog
f:\zhangh-t\codes\zhalglib\zhalglib\debug\mt.write.1.tlog
f:\zhangh-t\codes\zhalglib\zhalglib\debug\rc.command.1.tlog
f:\zhangh-t\codes\zhalglib\zhalglib\debug\rc.read.1.tlog
f:\zhangh-t\codes\zhalglib\zhalglib\debug\rc.write.1.tlog
f:\zhangh-t\codes\zhalglib\zhalglib\debug\zhalglib.write.1.tlog
f:\zhangh-t\codes\zhalglib\zhalglib\debug\vc100.idb
f:\zhangh-t\codes\zhalglib\zhalglib\debug\zhalglib_manifest.rc
f:\zhangh-t\codes\zhalglib\zhalglib\debug\zhalglib.tlog\cl.10724.write.1.tlog
f:\zhangh-t\codes\zhalglib\zhalglib\debug\zhalglib.tlog\cl.command.1.tlog
f:\zhangh-t\codes\zhalglib\zhalglib\debug\zhalglib.tlog\cl.read.1.tlog
f:\zhangh-t\codes\zhalglib\zhalglib\debug\zhalglib.tlog\link.11224.write.1.tlog
f:\zhangh-t\codes\zhalglib\zhalglib\debug\zhalglib.tlog\link.9968.delete.1.tlog
f:\zhangh-t\codes\zhalglib\zhalglib\debug\zhalglib.tlog\link.command.1.tlog
f:\zhangh-t\codes\zhalglib\zhalglib\debug\zhalglib.tlog\link.read.1.tlog
